<?xml version="1.0" encoding="UTF-8"?>
<!-- Generated by org.testng.reporters.JUnitReportReporter -->
<testsuite hostname="DESKTOP-8J2OV71" failures="0" tests="3" name="tests.LoginTests" time="2.841" errors="0" timestamp="2025-08-01T13:39:06 IST" skipped="0">
  <testcase classname="tests.LoginTests" name="checkPasswordToggle" time="0.848"/>
  <system-out/>
  <testcase classname="tests.LoginTests" name="checkLoginButtonDisabled" time="0.037"/>
  <system-out/>
  <testcase classname="tests.LoginTests" name="checkInvalidLoginShowsError" time="1.956"/>
  <system-out/>
</testsuite> <!-- tests.LoginTests -->
